mode: set
webapp/cmd/web/forms.go:10.42,13.26 2 1
webapp/cmd/web/forms.go:13.26,15.3 1 1
webapp/cmd/web/forms.go:17.2,17.22 1 1
webapp/cmd/web/forms.go:20.44,22.2 1 1
webapp/cmd/web/forms.go:29.37,34.2 1 1
webapp/cmd/web/forms.go:37.39,39.2 1 1
webapp/cmd/web/forms.go:41.43,42.31 1 1
webapp/cmd/web/forms.go:42.31,44.37 2 1
webapp/cmd/web/forms.go:44.37,46.4 1 1
webapp/cmd/web/forms.go:50.52,51.9 1 1
webapp/cmd/web/forms.go:51.9,53.3 1 1
webapp/cmd/web/forms.go:56.29,58.2 1 1
webapp/cmd/web/handlers.go:14.70,16.2 1 1
webapp/cmd/web/handlers.go:25.119,27.16 2 1
webapp/cmd/web/handlers.go:27.16,30.3 2 0
webapp/cmd/web/handlers.go:32.2,35.16 3 1
webapp/cmd/web/handlers.go:35.16,37.3 1 0
webapp/cmd/web/handlers.go:39.2,39.12 1 1
webapp/cmd/web/handlers.go:43.71,45.16 2 0
webapp/cmd/web/handlers.go:45.16,49.3 3 0
webapp/cmd/web/handlers.go:51.2,56.54 4 0
webapp/cmd/web/main.go:11.13,22.16 6 0
webapp/cmd/web/main.go:22.16,24.3 1 0
webapp/cmd/web/middleware_ip_address.go:15.67,17.2 1 1
webapp/cmd/web/middleware_ip_address.go:20.72,21.71 1 1
webapp/cmd/web/middleware_ip_address.go:21.71,26.17 3 1
webapp/cmd/web/middleware_ip_address.go:26.17,28.20 2 1
webapp/cmd/web/middleware_ip_address.go:28.20,30.5 1 1
webapp/cmd/web/middleware_ip_address.go:31.4,31.60 1 1
webapp/cmd/web/middleware_ip_address.go:32.9,34.4 1 1
webapp/cmd/web/middleware_ip_address.go:35.3,35.40 1 1
webapp/cmd/web/middleware_ip_address.go:40.45,42.16 2 1
webapp/cmd/web/middleware_ip_address.go:42.16,44.3 1 1
webapp/cmd/web/middleware_ip_address.go:46.2,47.19 2 1
webapp/cmd/web/middleware_ip_address.go:47.19,49.3 1 1
webapp/cmd/web/middleware_ip_address.go:51.2,52.22 2 1
webapp/cmd/web/middleware_ip_address.go:52.22,54.3 1 1
webapp/cmd/web/middleware_ip_address.go:56.2,56.18 1 1
webapp/cmd/web/middleware_ip_address.go:56.18,58.3 1 0
webapp/cmd/web/middleware_ip_address.go:60.2,60.16 1 1
webapp/cmd/web/routes.go:11.47,26.2 8 1
